ClientSide/app/build/intermediates/manifest_merge_blame_file/debug/manifest-merger-blame-debug-report.txt
1<?xml version="1.0" encoding="utf-8"?>
2<manifest xmlns:android="http://schemas.android.com/apk/res/android"
3    package="com.example.xuwei"
4    android:versionCode="1"
5    android:versionName="1.0" >
6
7    <uses-sdk
8        android:minSdkVersion="19"
8-->src/main/AndroidManifest.xml
9        android:targetSdkVersion="30" />
9-->src/main/AndroidManifest.xml
10
11    <!-- 添加许可 -->
12    <uses-permission android:name="android.permission.INTERNET" />
12-->src/main/AndroidManifest.xml:6:5-66
12-->src/main/AndroidManifest.xml:6:22-64
13    <uses-permission android:name="android.permission.ACCESS_NETWORK_STATE" />
13-->src/main/AndroidManifest.xml:7:5-78
13-->src/main/AndroidManifest.xml:7:22-76
14    <uses-permission android:name="android.permission.CAMERA" />
14-->src/main/AndroidManifest.xml:8:5-65
14-->src/main/AndroidManifest.xml:8:22-62
15    <uses-permission android:name="android.permission.VIBRATE" />
15-->src/main/AndroidManifest.xml:9:5-66
15-->src/main/AndroidManifest.xml:9:22-63
16    <uses-permission android:name="android.permission.FLASHLIGHT" />
16-->src/main/AndroidManifest.xml:10:5-69
16-->src/main/AndroidManifest.xml:10:22-66
17
18    <application
18-->src/main/AndroidManifest.xml:14:5-36:19
19        android:allowBackup="true"
19-->src/main/AndroidManifest.xml:15:9-35
20        android:appComponentFactory="androidx.core.app.CoreComponentFactory"
20-->[androidx.core:core:1.0.1] AndroidManifest.xml:22:18-86
21        android:debuggable="true"
22        android:icon="@mipmap/ic_launcher"
22-->src/main/AndroidManifest.xml:16:9-43
23        android:label="@string/app_name"
23-->src/main/AndroidManifest.xml:17:9-41
24        android:networkSecurityConfig="@xml/network_security_config"
24-->src/main/AndroidManifest.xml:19:9-69
25        android:roundIcon="@mipmap/ic_launcher_round"
25-->src/main/AndroidManifest.xml:18:9-54
26        android:supportsRtl="true"
26-->src/main/AndroidManifest.xml:20:9-35
27        android:testOnly="true"
28        android:theme="@style/Theme.AppCompat.NoActionBar"
28-->src/main/AndroidManifest.xml:21:9-59
29        android:usesCleartextTraffic="true" >
29-->src/main/AndroidManifest.xml:22:9-44
30        <activity android:name="com.example.chongwen.MainActivity" >
30-->src/main/AndroidManifest.xml:23:9-29:20
30-->src/main/AndroidManifest.xml:23:19-67
31            <intent-filter>
31-->src/main/AndroidManifest.xml:24:13-28:29
32                <action android:name="android.intent.action.MAIN" />
32-->src/main/AndroidManifest.xml:25:17-69
32-->src/main/AndroidManifest.xml:25:25-66
33
34                <category android:name="android.intent.category.LAUNCHER" />
34-->src/main/AndroidManifest.xml:27:17-77
34-->src/main/AndroidManifest.xml:27:27-74
35            </intent-filter>
36        </activity>
37        <activity android:name="com.example.chongwen.HomeActivity" >
37-->src/main/AndroidManifest.xml:31:9-33:20
37-->src/main/AndroidManifest.xml:31:19-67
38        </activity>
39        <activity android:name="com.example.chongwen.zbar.CaptureActivity" />
39-->src/main/AndroidManifest.xml:35:9-78
39-->src/main/AndroidManifest.xml:35:19-75
40    </application>
41
42</manifest>